2026-05-07 10:08:35,799 - ERROR - Pipeline failed
Traceback (most recent call last):
  File "C:\Users\user\Desktop\Scraping, Data Cleaning & Data Warehouse Modeling\warehouse\ml_schema.py", line 30, in <module>
    with engine.connect() as con:
         ~~~~~~~~~~~~~~^^
  File "C:\Users\user\Desktop\Scraping, Data Cleaning & Data Warehouse Modeling\.venv\Lib\site-packages\sqlalchemy\engine\base.py", line 3293, in connect
    return self._connection_cls(self)
           ~~~~~~~~~~~~~~~~~~~~^^^^^^
  File "C:\Users\user\Desktop\Scraping, Data Cleaning & Data Warehouse Modeling\.venv\Lib\site-packages\sqlalchemy\engine\base.py", line 143, in __init__
    self._dbapi_connection = engine.raw_connection()
                             ~~~~~~~~~~~~~~~~~~~~~^^
  File "C:\Users\user\Desktop\Scraping, Data Cleaning & Data Warehouse Modeling\.venv\Lib\site-packages\sqlalchemy\engine\base.py", line 3317, in raw_connection
    return self.pool.connect()
           ~~~~~~~~~~~~~~~~~^^
  File "C:\Users\user\Desktop\Scraping, Data Cleaning & Data Warehouse Modeling\.venv\Lib\site-packages\sqlalchemy\pool\base.py", line 448, in connect
    return _ConnectionFairy._checkout(self)
           ~~~~~~~~~~~~~~~~~~~~~~~~~~^^^^^^
  File "C:\Users\user\Desktop\Scraping, Data Cleaning & Data Warehouse Modeling\.venv\Lib\site-packages\sqlalchemy\pool\base.py", line 1272, in _checkout
    fairy = _ConnectionRecord.checkout(pool)
  File "C:\Users\user\Desktop\Scraping, Data Cleaning & Data Warehouse Modeling\.venv\Lib\site-packages\sqlalchemy\pool\base.py", line 712, in checkout
    rec = pool._do_get()
  File "C:\Users\user\Desktop\Scraping, Data Cleaning & Data Warehouse Modeling\.venv\Lib\site-packages\sqlalchemy\pool\impl.py", line 177, in _do_get
    with util.safe_reraise():
         ~~~~~~~~~~~~~~~~~^^
  File "C:\Users\user\Desktop\Scraping, Data Cleaning & Data Warehouse Modeling\.venv\Lib\site-packages\sqlalchemy\util\langhelpers.py", line 121, in __exit__
    raise exc_value.with_traceback(exc_tb)
  File "C:\Users\user\Desktop\Scraping, Data Cleaning & Data Warehouse Modeling\.venv\Lib\site-packages\sqlalchemy\pool\impl.py", line 175, in _do_get
    return self._create_connection()
           ~~~~~~~~~~~~~~~~~~~~~~~^^
  File "C:\Users\user\Desktop\Scraping, Data Cleaning & Data Warehouse Modeling\.venv\Lib\site-packages\sqlalchemy\pool\base.py", line 389, in _create_connection
    return _ConnectionRecord(self)
  File "C:\Users\user\Desktop\Scraping, Data Cleaning & Data Warehouse Modeling\.venv\Lib\site-packages\sqlalchemy\pool\base.py", line 674, in __init__
    self.__connect()
    ~~~~~~~~~~~~~~^^
  File "C:\Users\user\Desktop\Scraping, Data Cleaning & Data Warehouse Modeling\.venv\Lib\site-packages\sqlalchemy\pool\base.py", line 900, in __connect
    with util.safe_reraise():
         ~~~~~~~~~~~~~~~~~^^
  File "C:\Users\user\Desktop\Scraping, Data Cleaning & Data Warehouse Modeling\.venv\Lib\site-packages\sqlalchemy\util\langhelpers.py", line 121, in __exit__
    raise exc_value.with_traceback(exc_tb)
  File "C:\Users\user\Desktop\Scraping, Data Cleaning & Data Warehouse Modeling\.venv\Lib\site-packages\sqlalchemy\pool\base.py", line 896, in __connect
    self.dbapi_connection = connection = pool._invoke_creator(self)
                                         ~~~~~~~~~~~~~~~~~~~~^^^^^^
  File "C:\Users\user\Desktop\Scraping, Data Cleaning & Data Warehouse Modeling\.venv\Lib\site-packages\sqlalchemy\engine\create.py", line 667, in connect
    return dialect.connect(*cargs_tup, **cparams)
           ~~~~~~~~~~~~~~~^^^^^^^^^^^^^^^^^^^^^^^
  File "C:\Users\user\Desktop\Scraping, Data Cleaning & Data Warehouse Modeling\.venv\Lib\site-packages\sqlalchemy\engine\default.py", line 630, in connect
    return self.loaded_dbapi.connect(*cargs, **cparams)  # type: ignore[no-any-return]  # NOQA: E501
           ~~~~~~~~~~~~~~~~~~~~~~~~~^^^^^^^^^^^^^^^^^^^
  File "C:\Users\user\Desktop\Scraping, Data Cleaning & Data Warehouse Modeling\.venv\Lib\site-packages\psycopg2\__init__.py", line 135, in connect
    conn = _connect(dsn, connection_factory=connection_factory, **kwasync)
UnicodeDecodeError: 'utf-8' codec can't decode byte 0xe9 in position 103: invalid continuation byte
2026-05-07 10:10:27,649 - ERROR - Pipeline failed
Traceback (most recent call last):
  File "c:\Users\user\Desktop\Scraping, Data Cleaning & Data Warehouse Modeling\warehouse\ml_schema.py", line 47, in <module>
    with engine.connect() as con:
         ~~~~~~~~~~~~~~^^
  File "C:\Users\user\Desktop\Scraping, Data Cleaning & Data Warehouse Modeling\.venv\Lib\site-packages\sqlalchemy\engine\base.py", line 3293, in connect
    return self._connection_cls(self)
           ~~~~~~~~~~~~~~~~~~~~^^^^^^
  File "C:\Users\user\Desktop\Scraping, Data Cleaning & Data Warehouse Modeling\.venv\Lib\site-packages\sqlalchemy\engine\base.py", line 143, in __init__
    self._dbapi_connection = engine.raw_connection()
                             ~~~~~~~~~~~~~~~~~~~~~^^
  File "C:\Users\user\Desktop\Scraping, Data Cleaning & Data Warehouse Modeling\.venv\Lib\site-packages\sqlalchemy\engine\base.py", line 3317, in raw_connection
    return self.pool.connect()
           ~~~~~~~~~~~~~~~~~^^
  File "C:\Users\user\Desktop\Scraping, Data Cleaning & Data Warehouse Modeling\.venv\Lib\site-packages\sqlalchemy\pool\base.py", line 448, in connect
    return _ConnectionFairy._checkout(self)
           ~~~~~~~~~~~~~~~~~~~~~~~~~~^^^^^^
  File "C:\Users\user\Desktop\Scraping, Data Cleaning & Data Warehouse Modeling\.venv\Lib\site-packages\sqlalchemy\pool\base.py", line 1272, in _checkout
    fairy = _ConnectionRecord.checkout(pool)
  File "C:\Users\user\Desktop\Scraping, Data Cleaning & Data Warehouse Modeling\.venv\Lib\site-packages\sqlalchemy\pool\base.py", line 712, in checkout
    rec = pool._do_get()
  File "C:\Users\user\Desktop\Scraping, Data Cleaning & Data Warehouse Modeling\.venv\Lib\site-packages\sqlalchemy\pool\impl.py", line 177, in _do_get
    with util.safe_reraise():
         ~~~~~~~~~~~~~~~~~^^
  File "C:\Users\user\Desktop\Scraping, Data Cleaning & Data Warehouse Modeling\.venv\Lib\site-packages\sqlalchemy\util\langhelpers.py", line 121, in __exit__
    raise exc_value.with_traceback(exc_tb)
  File "C:\Users\user\Desktop\Scraping, Data Cleaning & Data Warehouse Modeling\.venv\Lib\site-packages\sqlalchemy\pool\impl.py", line 175, in _do_get
    return self._create_connection()
           ~~~~~~~~~~~~~~~~~~~~~~~^^
  File "C:\Users\user\Desktop\Scraping, Data Cleaning & Data Warehouse Modeling\.venv\Lib\site-packages\sqlalchemy\pool\base.py", line 389, in _create_connection
    return _ConnectionRecord(self)
  File "C:\Users\user\Desktop\Scraping, Data Cleaning & Data Warehouse Modeling\.venv\Lib\site-packages\sqlalchemy\pool\base.py", line 674, in __init__
    self.__connect()
    ~~~~~~~~~~~~~~^^
  File "C:\Users\user\Desktop\Scraping, Data Cleaning & Data Warehouse Modeling\.venv\Lib\site-packages\sqlalchemy\pool\base.py", line 900, in __connect
    with util.safe_reraise():
         ~~~~~~~~~~~~~~~~~^^
  File "C:\Users\user\Desktop\Scraping, Data Cleaning & Data Warehouse Modeling\.venv\Lib\site-packages\sqlalchemy\util\langhelpers.py", line 121, in __exit__
    raise exc_value.with_traceback(exc_tb)
  File "C:\Users\user\Desktop\Scraping, Data Cleaning & Data Warehouse Modeling\.venv\Lib\site-packages\sqlalchemy\pool\base.py", line 896, in __connect
    self.dbapi_connection = connection = pool._invoke_creator(self)
                                         ~~~~~~~~~~~~~~~~~~~~^^^^^^
  File "C:\Users\user\Desktop\Scraping, Data Cleaning & Data Warehouse Modeling\.venv\Lib\site-packages\sqlalchemy\engine\create.py", line 667, in connect
    return dialect.connect(*cargs_tup, **cparams)
           ~~~~~~~~~~~~~~~^^^^^^^^^^^^^^^^^^^^^^^
  File "C:\Users\user\Desktop\Scraping, Data Cleaning & Data Warehouse Modeling\.venv\Lib\site-packages\sqlalchemy\engine\default.py", line 630, in connect
    return self.loaded_dbapi.connect(*cargs, **cparams)  # type: ignore[no-any-return]  # NOQA: E501
           ~~~~~~~~~~~~~~~~~~~~~~~~~^^^^^^^^^^^^^^^^^^^
  File "C:\Users\user\Desktop\Scraping, Data Cleaning & Data Warehouse Modeling\.venv\Lib\site-packages\psycopg2\__init__.py", line 135, in connect
    conn = _connect(dsn, connection_factory=connection_factory, **kwasync)
UnicodeDecodeError: 'utf-8' codec can't decode byte 0xe9 in position 103: invalid continuation byte
2026-05-07 10:12:03,780 - ERROR - Pipeline failed
Traceback (most recent call last):
  File "c:\Users\user\Desktop\Scraping, Data Cleaning & Data Warehouse Modeling\warehouse\ml_schema.py", line 46, in <module>
    with engine.connect() as con:
         ~~~~~~~~~~~~~~^^
  File "C:\Users\user\Desktop\Scraping, Data Cleaning & Data Warehouse Modeling\.venv\Lib\site-packages\sqlalchemy\engine\base.py", line 3293, in connect
    return self._connection_cls(self)
           ~~~~~~~~~~~~~~~~~~~~^^^^^^
  File "C:\Users\user\Desktop\Scraping, Data Cleaning & Data Warehouse Modeling\.venv\Lib\site-packages\sqlalchemy\engine\base.py", line 143, in __init__
    self._dbapi_connection = engine.raw_connection()
                             ~~~~~~~~~~~~~~~~~~~~~^^
  File "C:\Users\user\Desktop\Scraping, Data Cleaning & Data Warehouse Modeling\.venv\Lib\site-packages\sqlalchemy\engine\base.py", line 3317, in raw_connection
    return self.pool.connect()
           ~~~~~~~~~~~~~~~~~^^
  File "C:\Users\user\Desktop\Scraping, Data Cleaning & Data Warehouse Modeling\.venv\Lib\site-packages\sqlalchemy\pool\base.py", line 448, in connect
    return _ConnectionFairy._checkout(self)
           ~~~~~~~~~~~~~~~~~~~~~~~~~~^^^^^^
  File "C:\Users\user\Desktop\Scraping, Data Cleaning & Data Warehouse Modeling\.venv\Lib\site-packages\sqlalchemy\pool\base.py", line 1272, in _checkout
    fairy = _ConnectionRecord.checkout(pool)
  File "C:\Users\user\Desktop\Scraping, Data Cleaning & Data Warehouse Modeling\.venv\Lib\site-packages\sqlalchemy\pool\base.py", line 712, in checkout
    rec = pool._do_get()
  File "C:\Users\user\Desktop\Scraping, Data Cleaning & Data Warehouse Modeling\.venv\Lib\site-packages\sqlalchemy\pool\impl.py", line 177, in _do_get
    with util.safe_reraise():
         ~~~~~~~~~~~~~~~~~^^
  File "C:\Users\user\Desktop\Scraping, Data Cleaning & Data Warehouse Modeling\.venv\Lib\site-packages\sqlalchemy\util\langhelpers.py", line 121, in __exit__
    raise exc_value.with_traceback(exc_tb)
  File "C:\Users\user\Desktop\Scraping, Data Cleaning & Data Warehouse Modeling\.venv\Lib\site-packages\sqlalchemy\pool\impl.py", line 175, in _do_get
    return self._create_connection()
           ~~~~~~~~~~~~~~~~~~~~~~~^^
  File "C:\Users\user\Desktop\Scraping, Data Cleaning & Data Warehouse Modeling\.venv\Lib\site-packages\sqlalchemy\pool\base.py", line 389, in _create_connection
    return _ConnectionRecord(self)
  File "C:\Users\user\Desktop\Scraping, Data Cleaning & Data Warehouse Modeling\.venv\Lib\site-packages\sqlalchemy\pool\base.py", line 674, in __init__
    self.__connect()
    ~~~~~~~~~~~~~~^^
  File "C:\Users\user\Desktop\Scraping, Data Cleaning & Data Warehouse Modeling\.venv\Lib\site-packages\sqlalchemy\pool\base.py", line 900, in __connect
    with util.safe_reraise():
         ~~~~~~~~~~~~~~~~~^^
  File "C:\Users\user\Desktop\Scraping, Data Cleaning & Data Warehouse Modeling\.venv\Lib\site-packages\sqlalchemy\util\langhelpers.py", line 121, in __exit__
    raise exc_value.with_traceback(exc_tb)
  File "C:\Users\user\Desktop\Scraping, Data Cleaning & Data Warehouse Modeling\.venv\Lib\site-packages\sqlalchemy\pool\base.py", line 896, in __connect
    self.dbapi_connection = connection = pool._invoke_creator(self)
                                         ~~~~~~~~~~~~~~~~~~~~^^^^^^
  File "C:\Users\user\Desktop\Scraping, Data Cleaning & Data Warehouse Modeling\.venv\Lib\site-packages\sqlalchemy\engine\create.py", line 667, in connect
    return dialect.connect(*cargs_tup, **cparams)
           ~~~~~~~~~~~~~~~^^^^^^^^^^^^^^^^^^^^^^^
  File "C:\Users\user\Desktop\Scraping, Data Cleaning & Data Warehouse Modeling\.venv\Lib\site-packages\sqlalchemy\engine\default.py", line 630, in connect
    return self.loaded_dbapi.connect(*cargs, **cparams)  # type: ignore[no-any-return]  # NOQA: E501
           ~~~~~~~~~~~~~~~~~~~~~~~~~^^^^^^^^^^^^^^^^^^^
  File "C:\Users\user\Desktop\Scraping, Data Cleaning & Data Warehouse Modeling\.venv\Lib\site-packages\psycopg2\__init__.py", line 135, in connect
    conn = _connect(dsn, connection_factory=connection_factory, **kwasync)
UnicodeDecodeError: 'utf-8' codec can't decode byte 0xe9 in position 103: invalid continuation byte
2026-05-07 10:17:25,643 - ERROR - Pipeline failed
Traceback (most recent call last):
  File "c:\Users\user\Desktop\Scraping, Data Cleaning & Data Warehouse Modeling\warehouse\ml_schema.py", line 47, in <module>
    with engine.connect() as con:
         ~~~~~~~~~~~~~~^^
  File "C:\Users\user\Desktop\Scraping, Data Cleaning & Data Warehouse Modeling\.venv\Lib\site-packages\sqlalchemy\engine\base.py", line 3293, in connect
    return self._connection_cls(self)
           ~~~~~~~~~~~~~~~~~~~~^^^^^^
  File "C:\Users\user\Desktop\Scraping, Data Cleaning & Data Warehouse Modeling\.venv\Lib\site-packages\sqlalchemy\engine\base.py", line 143, in __init__
    self._dbapi_connection = engine.raw_connection()
                             ~~~~~~~~~~~~~~~~~~~~~^^
  File "C:\Users\user\Desktop\Scraping, Data Cleaning & Data Warehouse Modeling\.venv\Lib\site-packages\sqlalchemy\engine\base.py", line 3317, in raw_connection
    return self.pool.connect()
           ~~~~~~~~~~~~~~~~~^^
  File "C:\Users\user\Desktop\Scraping, Data Cleaning & Data Warehouse Modeling\.venv\Lib\site-packages\sqlalchemy\pool\base.py", line 448, in connect
    return _ConnectionFairy._checkout(self)
           ~~~~~~~~~~~~~~~~~~~~~~~~~~^^^^^^
  File "C:\Users\user\Desktop\Scraping, Data Cleaning & Data Warehouse Modeling\.venv\Lib\site-packages\sqlalchemy\pool\base.py", line 1272, in _checkout
    fairy = _ConnectionRecord.checkout(pool)
  File "C:\Users\user\Desktop\Scraping, Data Cleaning & Data Warehouse Modeling\.venv\Lib\site-packages\sqlalchemy\pool\base.py", line 712, in checkout
    rec = pool._do_get()
  File "C:\Users\user\Desktop\Scraping, Data Cleaning & Data Warehouse Modeling\.venv\Lib\site-packages\sqlalchemy\pool\impl.py", line 177, in _do_get
    with util.safe_reraise():
         ~~~~~~~~~~~~~~~~~^^
  File "C:\Users\user\Desktop\Scraping, Data Cleaning & Data Warehouse Modeling\.venv\Lib\site-packages\sqlalchemy\util\langhelpers.py", line 121, in __exit__
    raise exc_value.with_traceback(exc_tb)
  File "C:\Users\user\Desktop\Scraping, Data Cleaning & Data Warehouse Modeling\.venv\Lib\site-packages\sqlalchemy\pool\impl.py", line 175, in _do_get
    return self._create_connection()
           ~~~~~~~~~~~~~~~~~~~~~~~^^
  File "C:\Users\user\Desktop\Scraping, Data Cleaning & Data Warehouse Modeling\.venv\Lib\site-packages\sqlalchemy\pool\base.py", line 389, in _create_connection
    return _ConnectionRecord(self)
  File "C:\Users\user\Desktop\Scraping, Data Cleaning & Data Warehouse Modeling\.venv\Lib\site-packages\sqlalchemy\pool\base.py", line 674, in __init__
    self.__connect()
    ~~~~~~~~~~~~~~^^
  File "C:\Users\user\Desktop\Scraping, Data Cleaning & Data Warehouse Modeling\.venv\Lib\site-packages\sqlalchemy\pool\base.py", line 900, in __connect
    with util.safe_reraise():
         ~~~~~~~~~~~~~~~~~^^
  File "C:\Users\user\Desktop\Scraping, Data Cleaning & Data Warehouse Modeling\.venv\Lib\site-packages\sqlalchemy\util\langhelpers.py", line 121, in __exit__
    raise exc_value.with_traceback(exc_tb)
  File "C:\Users\user\Desktop\Scraping, Data Cleaning & Data Warehouse Modeling\.venv\Lib\site-packages\sqlalchemy\pool\base.py", line 896, in __connect
    self.dbapi_connection = connection = pool._invoke_creator(self)
                                         ~~~~~~~~~~~~~~~~~~~~^^^^^^
  File "C:\Users\user\Desktop\Scraping, Data Cleaning & Data Warehouse Modeling\.venv\Lib\site-packages\sqlalchemy\engine\create.py", line 667, in connect
    return dialect.connect(*cargs_tup, **cparams)
           ~~~~~~~~~~~~~~~^^^^^^^^^^^^^^^^^^^^^^^
  File "C:\Users\user\Desktop\Scraping, Data Cleaning & Data Warehouse Modeling\.venv\Lib\site-packages\sqlalchemy\engine\default.py", line 630, in connect
    return self.loaded_dbapi.connect(*cargs, **cparams)  # type: ignore[no-any-return]  # NOQA: E501
           ~~~~~~~~~~~~~~~~~~~~~~~~~^^^^^^^^^^^^^^^^^^^
  File "C:\Users\user\Desktop\Scraping, Data Cleaning & Data Warehouse Modeling\.venv\Lib\site-packages\psycopg2\__init__.py", line 135, in connect
    conn = _connect(dsn, connection_factory=connection_factory, **kwasync)
UnicodeDecodeError: 'utf-8' codec can't decode byte 0xe9 in position 103: invalid continuation byte
2026-05-07 10:18:00,545 - ERROR - Pipeline failed
Traceback (most recent call last):
  File "c:\Users\user\Desktop\Scraping, Data Cleaning & Data Warehouse Modeling\warehouse\ml_schema.py", line 47, in <module>
    with engine.connect() as con:
         ~~~~~~~~~~~~~~^^
  File "C:\Users\user\Desktop\Scraping, Data Cleaning & Data Warehouse Modeling\.venv\Lib\site-packages\sqlalchemy\engine\base.py", line 3293, in connect
    return self._connection_cls(self)
           ~~~~~~~~~~~~~~~~~~~~^^^^^^
  File "C:\Users\user\Desktop\Scraping, Data Cleaning & Data Warehouse Modeling\.venv\Lib\site-packages\sqlalchemy\engine\base.py", line 143, in __init__
    self._dbapi_connection = engine.raw_connection()
                             ~~~~~~~~~~~~~~~~~~~~~^^
  File "C:\Users\user\Desktop\Scraping, Data Cleaning & Data Warehouse Modeling\.venv\Lib\site-packages\sqlalchemy\engine\base.py", line 3317, in raw_connection
    return self.pool.connect()
           ~~~~~~~~~~~~~~~~~^^
  File "C:\Users\user\Desktop\Scraping, Data Cleaning & Data Warehouse Modeling\.venv\Lib\site-packages\sqlalchemy\pool\base.py", line 448, in connect
    return _ConnectionFairy._checkout(self)
           ~~~~~~~~~~~~~~~~~~~~~~~~~~^^^^^^
  File "C:\Users\user\Desktop\Scraping, Data Cleaning & Data Warehouse Modeling\.venv\Lib\site-packages\sqlalchemy\pool\base.py", line 1272, in _checkout
    fairy = _ConnectionRecord.checkout(pool)
  File "C:\Users\user\Desktop\Scraping, Data Cleaning & Data Warehouse Modeling\.venv\Lib\site-packages\sqlalchemy\pool\base.py", line 712, in checkout
    rec = pool._do_get()
  File "C:\Users\user\Desktop\Scraping, Data Cleaning & Data Warehouse Modeling\.venv\Lib\site-packages\sqlalchemy\pool\impl.py", line 177, in _do_get
    with util.safe_reraise():
         ~~~~~~~~~~~~~~~~~^^
  File "C:\Users\user\Desktop\Scraping, Data Cleaning & Data Warehouse Modeling\.venv\Lib\site-packages\sqlalchemy\util\langhelpers.py", line 121, in __exit__
    raise exc_value.with_traceback(exc_tb)
  File "C:\Users\user\Desktop\Scraping, Data Cleaning & Data Warehouse Modeling\.venv\Lib\site-packages\sqlalchemy\pool\impl.py", line 175, in _do_get
    return self._create_connection()
           ~~~~~~~~~~~~~~~~~~~~~~~^^
  File "C:\Users\user\Desktop\Scraping, Data Cleaning & Data Warehouse Modeling\.venv\Lib\site-packages\sqlalchemy\pool\base.py", line 389, in _create_connection
    return _ConnectionRecord(self)
  File "C:\Users\user\Desktop\Scraping, Data Cleaning & Data Warehouse Modeling\.venv\Lib\site-packages\sqlalchemy\pool\base.py", line 674, in __init__
    self.__connect()
    ~~~~~~~~~~~~~~^^
  File "C:\Users\user\Desktop\Scraping, Data Cleaning & Data Warehouse Modeling\.venv\Lib\site-packages\sqlalchemy\pool\base.py", line 900, in __connect
    with util.safe_reraise():
         ~~~~~~~~~~~~~~~~~^^
  File "C:\Users\user\Desktop\Scraping, Data Cleaning & Data Warehouse Modeling\.venv\Lib\site-packages\sqlalchemy\util\langhelpers.py", line 121, in __exit__
    raise exc_value.with_traceback(exc_tb)
  File "C:\Users\user\Desktop\Scraping, Data Cleaning & Data Warehouse Modeling\.venv\Lib\site-packages\sqlalchemy\pool\base.py", line 896, in __connect
    self.dbapi_connection = connection = pool._invoke_creator(self)
                                         ~~~~~~~~~~~~~~~~~~~~^^^^^^
  File "C:\Users\user\Desktop\Scraping, Data Cleaning & Data Warehouse Modeling\.venv\Lib\site-packages\sqlalchemy\engine\create.py", line 667, in connect
    return dialect.connect(*cargs_tup, **cparams)
           ~~~~~~~~~~~~~~~^^^^^^^^^^^^^^^^^^^^^^^
  File "C:\Users\user\Desktop\Scraping, Data Cleaning & Data Warehouse Modeling\.venv\Lib\site-packages\sqlalchemy\engine\default.py", line 630, in connect
    return self.loaded_dbapi.connect(*cargs, **cparams)  # type: ignore[no-any-return]  # NOQA: E501
           ~~~~~~~~~~~~~~~~~~~~~~~~~^^^^^^^^^^^^^^^^^^^
  File "C:\Users\user\Desktop\Scraping, Data Cleaning & Data Warehouse Modeling\.venv\Lib\site-packages\psycopg2\__init__.py", line 135, in connect
    conn = _connect(dsn, connection_factory=connection_factory, **kwasync)
UnicodeDecodeError: 'utf-8' codec can't decode byte 0xe9 in position 103: invalid continuation byte
2026-05-07 10:24:27,162 - ERROR - Pipeline failed
Traceback (most recent call last):
  File "c:\Users\user\Desktop\Scraping, Data Cleaning & Data Warehouse Modeling\warehouse\ml_schema.py", line 47, in <module>
    with engine.connect() as con:
         ~~~~~~~~~~~~~~^^
  File "C:\Users\user\Desktop\Scraping, Data Cleaning & Data Warehouse Modeling\.venv\Lib\site-packages\sqlalchemy\engine\base.py", line 3293, in connect
    return self._connection_cls(self)
           ~~~~~~~~~~~~~~~~~~~~^^^^^^
  File "C:\Users\user\Desktop\Scraping, Data Cleaning & Data Warehouse Modeling\.venv\Lib\site-packages\sqlalchemy\engine\base.py", line 143, in __init__
    self._dbapi_connection = engine.raw_connection()
                             ~~~~~~~~~~~~~~~~~~~~~^^
  File "C:\Users\user\Desktop\Scraping, Data Cleaning & Data Warehouse Modeling\.venv\Lib\site-packages\sqlalchemy\engine\base.py", line 3317, in raw_connection
    return self.pool.connect()
           ~~~~~~~~~~~~~~~~~^^
  File "C:\Users\user\Desktop\Scraping, Data Cleaning & Data Warehouse Modeling\.venv\Lib\site-packages\sqlalchemy\pool\base.py", line 448, in connect
    return _ConnectionFairy._checkout(self)
           ~~~~~~~~~~~~~~~~~~~~~~~~~~^^^^^^
  File "C:\Users\user\Desktop\Scraping, Data Cleaning & Data Warehouse Modeling\.venv\Lib\site-packages\sqlalchemy\pool\base.py", line 1272, in _checkout
    fairy = _ConnectionRecord.checkout(pool)
  File "C:\Users\user\Desktop\Scraping, Data Cleaning & Data Warehouse Modeling\.venv\Lib\site-packages\sqlalchemy\pool\base.py", line 712, in checkout
    rec = pool._do_get()
  File "C:\Users\user\Desktop\Scraping, Data Cleaning & Data Warehouse Modeling\.venv\Lib\site-packages\sqlalchemy\pool\impl.py", line 177, in _do_get
    with util.safe_reraise():
         ~~~~~~~~~~~~~~~~~^^
  File "C:\Users\user\Desktop\Scraping, Data Cleaning & Data Warehouse Modeling\.venv\Lib\site-packages\sqlalchemy\util\langhelpers.py", line 121, in __exit__
    raise exc_value.with_traceback(exc_tb)
  File "C:\Users\user\Desktop\Scraping, Data Cleaning & Data Warehouse Modeling\.venv\Lib\site-packages\sqlalchemy\pool\impl.py", line 175, in _do_get
    return self._create_connection()
           ~~~~~~~~~~~~~~~~~~~~~~~^^
  File "C:\Users\user\Desktop\Scraping, Data Cleaning & Data Warehouse Modeling\.venv\Lib\site-packages\sqlalchemy\pool\base.py", line 389, in _create_connection
    return _ConnectionRecord(self)
  File "C:\Users\user\Desktop\Scraping, Data Cleaning & Data Warehouse Modeling\.venv\Lib\site-packages\sqlalchemy\pool\base.py", line 674, in __init__
    self.__connect()
    ~~~~~~~~~~~~~~^^
  File "C:\Users\user\Desktop\Scraping, Data Cleaning & Data Warehouse Modeling\.venv\Lib\site-packages\sqlalchemy\pool\base.py", line 900, in __connect
    with util.safe_reraise():
         ~~~~~~~~~~~~~~~~~^^
  File "C:\Users\user\Desktop\Scraping, Data Cleaning & Data Warehouse Modeling\.venv\Lib\site-packages\sqlalchemy\util\langhelpers.py", line 121, in __exit__
    raise exc_value.with_traceback(exc_tb)
  File "C:\Users\user\Desktop\Scraping, Data Cleaning & Data Warehouse Modeling\.venv\Lib\site-packages\sqlalchemy\pool\base.py", line 896, in __connect
    self.dbapi_connection = connection = pool._invoke_creator(self)
                                         ~~~~~~~~~~~~~~~~~~~~^^^^^^
  File "C:\Users\user\Desktop\Scraping, Data Cleaning & Data Warehouse Modeling\.venv\Lib\site-packages\sqlalchemy\engine\create.py", line 667, in connect
    return dialect.connect(*cargs_tup, **cparams)
           ~~~~~~~~~~~~~~~^^^^^^^^^^^^^^^^^^^^^^^
  File "C:\Users\user\Desktop\Scraping, Data Cleaning & Data Warehouse Modeling\.venv\Lib\site-packages\sqlalchemy\engine\default.py", line 630, in connect
    return self.loaded_dbapi.connect(*cargs, **cparams)  # type: ignore[no-any-return]  # NOQA: E501
           ~~~~~~~~~~~~~~~~~~~~~~~~~^^^^^^^^^^^^^^^^^^^
  File "C:\Users\user\Desktop\Scraping, Data Cleaning & Data Warehouse Modeling\.venv\Lib\site-packages\psycopg2\__init__.py", line 135, in connect
    conn = _connect(dsn, connection_factory=connection_factory, **kwasync)
UnicodeDecodeError: 'utf-8' codec can't decode byte 0xe9 in position 103: invalid continuation byte
2026-05-07 10:25:26,903 - ERROR - Pipeline failed
Traceback (most recent call last):
  File "C:\Users\user\Desktop\Scraping, Data Cleaning & Data Warehouse Modeling\warehouse\ml_schema.py", line 47, in <module>
    with engine.connect() as con:
         ~~~~~~~~~~~~~~^^
  File "C:\Users\user\Desktop\Scraping, Data Cleaning & Data Warehouse Modeling\.venv\Lib\site-packages\sqlalchemy\engine\base.py", line 3293, in connect
    return self._connection_cls(self)
           ~~~~~~~~~~~~~~~~~~~~^^^^^^
  File "C:\Users\user\Desktop\Scraping, Data Cleaning & Data Warehouse Modeling\.venv\Lib\site-packages\sqlalchemy\engine\base.py", line 143, in __init__
    self._dbapi_connection = engine.raw_connection()
                             ~~~~~~~~~~~~~~~~~~~~~^^
  File "C:\Users\user\Desktop\Scraping, Data Cleaning & Data Warehouse Modeling\.venv\Lib\site-packages\sqlalchemy\engine\base.py", line 3317, in raw_connection
    return self.pool.connect()
           ~~~~~~~~~~~~~~~~~^^
  File "C:\Users\user\Desktop\Scraping, Data Cleaning & Data Warehouse Modeling\.venv\Lib\site-packages\sqlalchemy\pool\base.py", line 448, in connect
    return _ConnectionFairy._checkout(self)
           ~~~~~~~~~~~~~~~~~~~~~~~~~~^^^^^^
  File "C:\Users\user\Desktop\Scraping, Data Cleaning & Data Warehouse Modeling\.venv\Lib\site-packages\sqlalchemy\pool\base.py", line 1272, in _checkout
    fairy = _ConnectionRecord.checkout(pool)
  File "C:\Users\user\Desktop\Scraping, Data Cleaning & Data Warehouse Modeling\.venv\Lib\site-packages\sqlalchemy\pool\base.py", line 712, in checkout
    rec = pool._do_get()
  File "C:\Users\user\Desktop\Scraping, Data Cleaning & Data Warehouse Modeling\.venv\Lib\site-packages\sqlalchemy\pool\impl.py", line 177, in _do_get
    with util.safe_reraise():
         ~~~~~~~~~~~~~~~~~^^
  File "C:\Users\user\Desktop\Scraping, Data Cleaning & Data Warehouse Modeling\.venv\Lib\site-packages\sqlalchemy\util\langhelpers.py", line 121, in __exit__
    raise exc_value.with_traceback(exc_tb)
  File "C:\Users\user\Desktop\Scraping, Data Cleaning & Data Warehouse Modeling\.venv\Lib\site-packages\sqlalchemy\pool\impl.py", line 175, in _do_get
    return self._create_connection()
           ~~~~~~~~~~~~~~~~~~~~~~~^^
  File "C:\Users\user\Desktop\Scraping, Data Cleaning & Data Warehouse Modeling\.venv\Lib\site-packages\sqlalchemy\pool\base.py", line 389, in _create_connection
    return _ConnectionRecord(self)
  File "C:\Users\user\Desktop\Scraping, Data Cleaning & Data Warehouse Modeling\.venv\Lib\site-packages\sqlalchemy\pool\base.py", line 674, in __init__
    self.__connect()
    ~~~~~~~~~~~~~~^^
  File "C:\Users\user\Desktop\Scraping, Data Cleaning & Data Warehouse Modeling\.venv\Lib\site-packages\sqlalchemy\pool\base.py", line 900, in __connect
    with util.safe_reraise():
         ~~~~~~~~~~~~~~~~~^^
  File "C:\Users\user\Desktop\Scraping, Data Cleaning & Data Warehouse Modeling\.venv\Lib\site-packages\sqlalchemy\util\langhelpers.py", line 121, in __exit__
    raise exc_value.with_traceback(exc_tb)
  File "C:\Users\user\Desktop\Scraping, Data Cleaning & Data Warehouse Modeling\.venv\Lib\site-packages\sqlalchemy\pool\base.py", line 896, in __connect
    self.dbapi_connection = connection = pool._invoke_creator(self)
                                         ~~~~~~~~~~~~~~~~~~~~^^^^^^
  File "C:\Users\user\Desktop\Scraping, Data Cleaning & Data Warehouse Modeling\.venv\Lib\site-packages\sqlalchemy\engine\create.py", line 667, in connect
    return dialect.connect(*cargs_tup, **cparams)
           ~~~~~~~~~~~~~~~^^^^^^^^^^^^^^^^^^^^^^^
  File "C:\Users\user\Desktop\Scraping, Data Cleaning & Data Warehouse Modeling\.venv\Lib\site-packages\sqlalchemy\engine\default.py", line 630, in connect
    return self.loaded_dbapi.connect(*cargs, **cparams)  # type: ignore[no-any-return]  # NOQA: E501
           ~~~~~~~~~~~~~~~~~~~~~~~~~^^^^^^^^^^^^^^^^^^^
  File "C:\Users\user\Desktop\Scraping, Data Cleaning & Data Warehouse Modeling\.venv\Lib\site-packages\psycopg2\__init__.py", line 135, in connect
    conn = _connect(dsn, connection_factory=connection_factory, **kwasync)
UnicodeDecodeError: 'utf-8' codec can't decode byte 0xe9 in position 103: invalid continuation byte
2026-05-07 10:25:51,354 - ERROR - Pipeline failed
Traceback (most recent call last):
  File "c:\Users\user\Desktop\Scraping, Data Cleaning & Data Warehouse Modeling\warehouse\ml_schema.py", line 47, in <module>
    with engine.connect() as con:
         ~~~~~~~~~~~~~~^^
  File "C:\Users\user\Desktop\Scraping, Data Cleaning & Data Warehouse Modeling\.venv\Lib\site-packages\sqlalchemy\engine\base.py", line 3293, in connect
    return self._connection_cls(self)
           ~~~~~~~~~~~~~~~~~~~~^^^^^^
  File "C:\Users\user\Desktop\Scraping, Data Cleaning & Data Warehouse Modeling\.venv\Lib\site-packages\sqlalchemy\engine\base.py", line 143, in __init__
    self._dbapi_connection = engine.raw_connection()
                             ~~~~~~~~~~~~~~~~~~~~~^^
  File "C:\Users\user\Desktop\Scraping, Data Cleaning & Data Warehouse Modeling\.venv\Lib\site-packages\sqlalchemy\engine\base.py", line 3317, in raw_connection
    return self.pool.connect()
           ~~~~~~~~~~~~~~~~~^^
  File "C:\Users\user\Desktop\Scraping, Data Cleaning & Data Warehouse Modeling\.venv\Lib\site-packages\sqlalchemy\pool\base.py", line 448, in connect
    return _ConnectionFairy._checkout(self)
           ~~~~~~~~~~~~~~~~~~~~~~~~~~^^^^^^
  File "C:\Users\user\Desktop\Scraping, Data Cleaning & Data Warehouse Modeling\.venv\Lib\site-packages\sqlalchemy\pool\base.py", line 1272, in _checkout
    fairy = _ConnectionRecord.checkout(pool)
  File "C:\Users\user\Desktop\Scraping, Data Cleaning & Data Warehouse Modeling\.venv\Lib\site-packages\sqlalchemy\pool\base.py", line 712, in checkout
    rec = pool._do_get()
  File "C:\Users\user\Desktop\Scraping, Data Cleaning & Data Warehouse Modeling\.venv\Lib\site-packages\sqlalchemy\pool\impl.py", line 177, in _do_get
    with util.safe_reraise():
         ~~~~~~~~~~~~~~~~~^^
  File "C:\Users\user\Desktop\Scraping, Data Cleaning & Data Warehouse Modeling\.venv\Lib\site-packages\sqlalchemy\util\langhelpers.py", line 121, in __exit__
    raise exc_value.with_traceback(exc_tb)
  File "C:\Users\user\Desktop\Scraping, Data Cleaning & Data Warehouse Modeling\.venv\Lib\site-packages\sqlalchemy\pool\impl.py", line 175, in _do_get
    return self._create_connection()
           ~~~~~~~~~~~~~~~~~~~~~~~^^
  File "C:\Users\user\Desktop\Scraping, Data Cleaning & Data Warehouse Modeling\.venv\Lib\site-packages\sqlalchemy\pool\base.py", line 389, in _create_connection
    return _ConnectionRecord(self)
  File "C:\Users\user\Desktop\Scraping, Data Cleaning & Data Warehouse Modeling\.venv\Lib\site-packages\sqlalchemy\pool\base.py", line 674, in __init__
    self.__connect()
    ~~~~~~~~~~~~~~^^
  File "C:\Users\user\Desktop\Scraping, Data Cleaning & Data Warehouse Modeling\.venv\Lib\site-packages\sqlalchemy\pool\base.py", line 900, in __connect
    with util.safe_reraise():
         ~~~~~~~~~~~~~~~~~^^
  File "C:\Users\user\Desktop\Scraping, Data Cleaning & Data Warehouse Modeling\.venv\Lib\site-packages\sqlalchemy\util\langhelpers.py", line 121, in __exit__
    raise exc_value.with_traceback(exc_tb)
  File "C:\Users\user\Desktop\Scraping, Data Cleaning & Data Warehouse Modeling\.venv\Lib\site-packages\sqlalchemy\pool\base.py", line 896, in __connect
    self.dbapi_connection = connection = pool._invoke_creator(self)
                                         ~~~~~~~~~~~~~~~~~~~~^^^^^^
  File "C:\Users\user\Desktop\Scraping, Data Cleaning & Data Warehouse Modeling\.venv\Lib\site-packages\sqlalchemy\engine\create.py", line 667, in connect
    return dialect.connect(*cargs_tup, **cparams)
           ~~~~~~~~~~~~~~~^^^^^^^^^^^^^^^^^^^^^^^
  File "C:\Users\user\Desktop\Scraping, Data Cleaning & Data Warehouse Modeling\.venv\Lib\site-packages\sqlalchemy\engine\default.py", line 630, in connect
    return self.loaded_dbapi.connect(*cargs, **cparams)  # type: ignore[no-any-return]  # NOQA: E501
           ~~~~~~~~~~~~~~~~~~~~~~~~~^^^^^^^^^^^^^^^^^^^
  File "C:\Users\user\Desktop\Scraping, Data Cleaning & Data Warehouse Modeling\.venv\Lib\site-packages\psycopg2\__init__.py", line 135, in connect
    conn = _connect(dsn, connection_factory=connection_factory, **kwasync)
UnicodeDecodeError: 'utf-8' codec can't decode byte 0xe9 in position 103: invalid continuation byte
