[2026-04-27 12:12:37] [DEBUG] [db] Query executed.
[2026-04-27 12:12:37] [DEBUG] [db] Query executed.
[2026-04-27 12:12:37] [ERROR] [db] Query failed: boom
[2026-04-27 12:12:37] [WARNING] [db] bulk_insert called with empty rows — skipping.
[2026-04-27 12:12:37] [INFO] [db] Bulk insert: 2 rows.
[2026-04-27 12:12:37] [ERROR] [db] Bulk insert failed: db error
[2026-04-27 12:12:37] [ERROR] [db] fetch_all failed: query failed
[2026-04-27 12:20:29] [INFO] [scraper] Page https://avito.ma/page=1 → 2 listings found.
[2026-04-27 12:20:29] [INFO] [scraper] Page https://avito.ma/page=1 → 1 listings found.
[2026-04-27 12:20:29] [WARNING] [scraper] Timeout on results page: https://avito.ma/page=1
[2026-04-27 12:20:29] [INFO] [scraper] Page https://avito.ma/page=1 → 0 listings found.
[2026-04-27 12:20:29] [DEBUG] [scraper] Scraped: Appartement à vendre | prix=2 330 000 DH | ville=Marrakech
[2026-04-27 12:20:29] [WARNING] [scraper] Timeout on listing: https://avito.ma/listing.htm
[2026-04-27 12:20:29] [ERROR] [scraper] Error scraping https://avito.ma/listing.htm: unexpected
[2026-04-27 12:20:29] [INFO] [scraper] Bronze saved → C:\Users\user\Desktop\Scraping, Data Cleaning & Data Warehouse Modeling\pipe_core\scrap\../../data/bronze\avito_raw_20260427_112029.json  (1 records)
[2026-04-27 12:20:29] [INFO] [scraper] Bronze saved → C:\Users\user\Desktop\Scraping, Data Cleaning & Data Warehouse Modeling\pipe_core\scrap\../../data/bronze\avito_raw_20260427_112029.json  (0 records)
[2026-04-27 12:20:29] [INFO] [scraper] === Scraper started ===
[2026-04-27 12:20:29] [INFO] [scraper] ── Results page 1/1
[2026-04-27 12:20:30] [INFO] [scraper] WebDriver closed.
[2026-04-27 12:20:30] [INFO] [scraper] === Scraper finished — 1 records ===
[2026-04-27 12:20:30] [INFO] [scraper] === Scraper started ===
[2026-04-27 12:20:30] [INFO] [scraper] ── Results page 1/1
[2026-04-27 12:20:30] [WARNING] [scraper] Attempt 1: no URLs found, retrying…
[2026-04-27 12:20:35] [WARNING] [scraper] Attempt 2: no URLs found, retrying…
[2026-04-27 12:20:40] [WARNING] [scraper] Attempt 3: no URLs found, retrying…
[2026-04-27 12:20:45] [WARNING] [scraper] No listings found — stopping pagination.
[2026-04-27 12:20:45] [INFO] [scraper] WebDriver closed.
[2026-04-27 12:20:45] [INFO] [scraper] === Scraper finished — 0 records ===
[2026-04-27 12:20:45] [INFO] [scraper] === Scraper started ===
[2026-04-27 12:20:45] [INFO] [scraper] ── Results page 1/1
[2026-04-27 12:20:45] [INFO] [scraper] WebDriver closed.
[2026-04-27 12:20:45] [INFO] [scraper] === Scraper finished — 0 records ===
[2026-04-27 12:20:45] [INFO] [scraper] === Scraper started ===
[2026-04-27 12:20:45] [INFO] [scraper] ── Results page 1/1
[2026-04-27 12:20:45] [WARNING] [scraper] ⚠️ Chrome انهار — إعادة تشغيل الـ driver...
[2026-04-27 12:20:45] [INFO] [scraper] ✅ Driver restarted — retrying URL...
[2026-04-27 12:20:46] [INFO] [scraper] WebDriver closed.
[2026-04-27 12:20:46] [INFO] [scraper] === Scraper finished — 1 records ===
[2026-04-27 12:24:02] [INFO] [scraper] Page https://avito.ma/page=1 → 2 listings found.
[2026-04-27 12:24:02] [INFO] [scraper] Page https://avito.ma/page=1 → 1 listings found.
[2026-04-27 12:24:02] [WARNING] [scraper] Timeout on results page: https://avito.ma/page=1
[2026-04-27 12:24:02] [INFO] [scraper] Page https://avito.ma/page=1 → 0 listings found.
[2026-04-27 12:24:02] [INFO] [scraper] === Scraper started ===
[2026-04-27 12:24:02] [INFO] [scraper] ── Results page 1/1
[2026-04-27 12:24:02] [INFO] [scraper] WebDriver closed.
[2026-04-27 12:24:02] [INFO] [scraper] === Scraper finished — 1 records ===
[2026-04-27 12:24:02] [INFO] [scraper] === Scraper started ===
[2026-04-27 12:24:02] [INFO] [scraper] ── Results page 1/1
[2026-04-27 12:24:02] [WARNING] [scraper] Attempt 1: no URLs found, retrying…
[2026-04-27 12:24:07] [WARNING] [scraper] Attempt 2: no URLs found, retrying…
[2026-04-27 12:24:12] [WARNING] [scraper] Attempt 3: no URLs found, retrying…
[2026-04-27 12:24:17] [WARNING] [scraper] No listings found — stopping pagination.
[2026-04-27 12:24:17] [INFO] [scraper] WebDriver closed.
[2026-04-27 12:24:17] [INFO] [scraper] === Scraper finished — 0 records ===
[2026-04-27 12:24:17] [INFO] [scraper] === Scraper started ===
[2026-04-27 12:24:17] [INFO] [scraper] ── Results page 1/1
[2026-04-27 12:24:17] [INFO] [scraper] WebDriver closed.
[2026-04-27 12:24:17] [INFO] [scraper] === Scraper finished — 0 records ===
[2026-04-27 12:24:17] [INFO] [scraper] === Scraper started ===
[2026-04-27 12:24:17] [INFO] [scraper] ── Results page 1/1
[2026-04-27 12:24:17] [WARNING] [scraper] ⚠️ Chrome انهار — إعادة تشغيل الـ driver...
[2026-04-27 12:24:17] [INFO] [scraper] ✅ Driver restarted — retrying URL...
[2026-04-27 12:24:18] [INFO] [scraper] WebDriver closed.
[2026-04-27 12:24:18] [INFO] [scraper] === Scraper finished — 1 records ===
[2026-04-27 12:27:49] [INFO] [scraper] Page https://avito.ma/page=1 → 2 listings found.
[2026-04-27 12:27:49] [INFO] [scraper] Page https://avito.ma/page=1 → 1 listings found.
[2026-04-27 12:27:49] [WARNING] [scraper] Timeout on results page: https://avito.ma/page=1
[2026-04-27 12:27:49] [INFO] [scraper] Page https://avito.ma/page=1 → 0 listings found.
[2026-04-27 12:27:49] [DEBUG] [scraper] Scraped: Appartement à vendre | prix=2 330 000 DH | ville=Marrakech
[2026-04-27 12:27:49] [WARNING] [scraper] Timeout on listing: https://avito.ma/listing.htm
[2026-04-27 12:27:49] [ERROR] [scraper] Error scraping https://avito.ma/listing.htm: unexpected
[2026-04-27 12:27:49] [INFO] [scraper] Bronze saved → C:\Users\user\Desktop\Scraping, Data Cleaning & Data Warehouse Modeling\pipe_core\scrap\../../data/bronze\avito_raw_20260427_112749.json  (1 records)
[2026-04-27 12:27:49] [INFO] [scraper] Bronze saved → C:\Users\user\Desktop\Scraping, Data Cleaning & Data Warehouse Modeling\pipe_core\scrap\../../data/bronze\avito_raw_20260427_112749.json  (0 records)
[2026-04-27 12:27:49] [INFO] [scraper] === Scraper started ===
[2026-04-27 12:27:49] [INFO] [scraper] ── Results page 1/1
[2026-04-27 12:27:50] [INFO] [scraper] WebDriver closed.
[2026-04-27 12:27:50] [INFO] [scraper] === Scraper finished — 1 records ===
[2026-04-27 12:27:50] [INFO] [scraper] === Scraper started ===
[2026-04-27 12:27:50] [INFO] [scraper] ── Results page 1/1
[2026-04-27 12:27:50] [WARNING] [scraper] Attempt 1: no URLs found, retrying…
[2026-04-27 12:27:55] [WARNING] [scraper] Attempt 2: no URLs found, retrying…
[2026-04-27 12:28:00] [WARNING] [scraper] Attempt 3: no URLs found, retrying…
[2026-04-27 12:28:05] [WARNING] [scraper] No listings found — stopping pagination.
[2026-04-27 12:28:05] [INFO] [scraper] WebDriver closed.
[2026-04-27 12:28:05] [INFO] [scraper] === Scraper finished — 0 records ===
[2026-04-27 12:28:05] [INFO] [scraper] === Scraper started ===
[2026-04-27 12:28:05] [INFO] [scraper] ── Results page 1/1
[2026-04-27 12:28:05] [INFO] [scraper] WebDriver closed.
[2026-04-27 12:28:05] [INFO] [scraper] === Scraper finished — 0 records ===
[2026-04-27 12:28:05] [INFO] [scraper] === Scraper started ===
[2026-04-27 12:28:05] [INFO] [scraper] ── Results page 1/1
[2026-04-27 12:28:05] [WARNING] [scraper] ⚠️ Chrome انهار — إعادة تشغيل الـ driver...
[2026-04-27 12:28:05] [INFO] [scraper] ✅ Driver restarted — retrying URL...
[2026-04-27 12:28:06] [INFO] [scraper] WebDriver closed.
[2026-04-27 12:28:06] [INFO] [scraper] === Scraper finished — 1 records ===
[2026-04-27 12:35:31] [INFO] [scraper] === Scraper started ===
[2026-04-27 12:35:41] [INFO] [scraper] ── Results page 1/1
[2026-04-27 12:35:58] [WARNING] [scraper] Timeout on results page: https://www.avito.ma/fr/maroc/immobilier?page=1
[2026-04-27 12:35:58] [WARNING] [scraper] Attempt 1: no URLs found, retrying…
[2026-04-27 12:36:19] [WARNING] [scraper] Timeout on results page: https://www.avito.ma/fr/maroc/immobilier?page=1
[2026-04-27 12:36:19] [WARNING] [scraper] Attempt 2: no URLs found, retrying…
[2026-04-27 12:36:39] [WARNING] [scraper] Timeout on results page: https://www.avito.ma/fr/maroc/immobilier?page=1
[2026-04-27 12:36:39] [WARNING] [scraper] Attempt 3: no URLs found, retrying…
[2026-04-27 12:36:44] [WARNING] [scraper] No listings found — stopping pagination.
[2026-04-27 12:36:47] [INFO] [scraper] WebDriver closed.
[2026-04-27 12:36:47] [INFO] [scraper] Bronze saved → C:\Users\user\Desktop\Scraping, Data Cleaning & Data Warehouse Modeling\pipe_core\scrap\../../data/bronze\avito_raw_20260427_113647.json  (0 records)
[2026-04-27 12:36:47] [INFO] [scraper] === Scraper finished — 0 records ===
[2026-04-28 10:15:53] [INFO] [scraper] === Scraper started ===
[2026-04-28 10:15:59] [INFO] [scraper] ── Results page 1/1
[2026-04-28 10:16:04] [INFO] [scraper] Page https://www.avito.ma/fr/maroc/immobilier?page=1 → 38 listings found.
[2026-04-28 10:16:11] [DEBUG] [scraper] Scraped: Appartement 40 au centre de GUELIZ | prix=349 DH /Nuit | ville=Marrakech
[2026-04-28 10:16:15] [DEBUG] [scraper] Scraped: À louer Appartements neufs à Sidi Maarouf | prix=6 000 DH | ville=Casablanca
[2026-04-28 10:16:20] [DEBUG] [scraper] Scraped: Lancement projets appartements près Mahatta Jadida | prix=380 000 DH | ville=Tanger
[2026-04-28 10:16:25] [DEBUG] [scraper] Scraped: Villa de luxe en location – Route de Fès | prix=55 000 DH | ville=Marrakech
[2026-04-28 10:16:30] [DEBUG] [scraper] Scraped: Appart HS meublé 3ch sal blc 170m2 à louer Palmier | prix=15 000 DH | ville=Casablanca
[2026-04-28 10:16:35] [DEBUG] [scraper] Scraped: Terrain de villa 356 mètres Écoles Maria Hamza | prix=1 080 000 DH | ville=Tamesna
[2026-04-28 10:16:41] [DEBUG] [scraper] Scraped: Appartement Moderne à louer | prix= | ville=Tanger
[2026-04-28 10:16:47] [DEBUG] [scraper] Scraped: Appartement vide ou meublé centre-ville TRAM | prix=7 500 DH | ville=Casablanca
[2026-04-28 10:16:50] [DEBUG] [scraper] Scraped: Entrepôt à louer | prix=15 000 DH | ville=Mohammedia
[2026-04-28 10:16:56] [DEBUG] [scraper] Scraped: Terrain r5 anwal | prix=27 500 DH | ville=Casablanca
[2026-04-28 10:17:01] [DEBUG] [scraper] Scraped: Appartement à louer au centre-ville de Safi | prix= | ville=Safi
[2026-04-28 10:17:07] [DEBUG] [scraper] Scraped: Appartement de standing avec piscine | prix= | ville=Marrakech
[2026-04-28 10:17:13] [DEBUG] [scraper] Scraped: Villa usage bureau 425m2 a louer Palmier | prix=55 000 DH | ville=Casablanca
[2026-04-28 10:17:19] [DEBUG] [scraper] Scraped: Villa d’exception avec piscine | prix= | ville=Marrakech
[2026-04-28 10:17:23] [DEBUG] [scraper] Scraped: Local commercial 66 m² avec mezzanine Al Qods | prix=4 500 DH | ville=Casablanca
[2026-04-28 10:17:29] [DEBUG] [scraper] Scraped: Appartement meublé à louer à Plateau Safi | prix= | ville=Safi
[2026-04-28 10:17:34] [DEBUG] [scraper] Scraped: 126, bd d'Anfa bureaux de haut standing | prix=16 000 DH | ville=bd d'Anfa bureaux de haut standing
[2026-04-28 10:17:40] [DEBUG] [scraper] Scraped: Appart bien équipé adapté aux familles | prix=300 DH /Nuit | ville=Marrakech
[2026-04-28 10:17:44] [DEBUG] [scraper] Scraped: Beaux studios neufs de bon standing | prix=5 000 DH | ville=Casablanca
[2026-04-28 10:17:49] [DEBUG] [scraper] Scraped: Villa Marina dor 400m vue panoramique | prix=2 700 000 DH | ville=Tamesna
[2026-04-28 10:17:55] [DEBUG] [scraper] Scraped: LOCATION BUREAUX NEUFS MÉDECINS RIAD OULAD MTAA | prix=11 000 DH | ville=Temara
[2026-04-28 10:18:01] [DEBUG] [scraper] Scraped: Magnifique Appartement à vendre 73 m² à Marrakech | prix=0 DH | ville=Marrakech
[2026-04-28 10:18:05] [DEBUG] [scraper] Scraped: Bureaux 4700dhs Ain Sebaa Casa | prix=4 700 DH | ville=Casablanca
[2026-04-28 10:18:09] [DEBUG] [scraper] Scraped: Bureau à louer 71 m² 4ème étage | prix= | ville=Casablanca
[2026-04-28 10:18:16] [DEBUG] [scraper] Scraped: Location journalière | prix=599 DH /Nuit | ville=Casablanca
[2026-04-28 10:18:22] [DEBUG] [scraper] Scraped: Appartement 67 m² à Tanger | prix=0 DH | ville=Tanger
[2026-04-28 10:18:27] [DEBUG] [scraper] Scraped: Plateau 2gd Open terse 130m2 à louer bd Zerktouni | prix=15 000 DH | ville=Casablanca
[2026-04-28 10:18:32] [DEBUG] [scraper] Scraped: Appartement Moderne à louer | prix= | ville=Tanger
[2026-04-28 10:18:37] [DEBUG] [scraper] Scraped: Studio Neuf 42m2 Balcon Garage Maarif | prix=960 000 DH | ville=Casablanca
[2026-04-28 10:18:43] [DEBUG] [scraper] Scraped: Appartement Haut standing Fès Agdal | prix=0 DH | ville=Fès
[2026-04-28 10:18:48] [DEBUG] [scraper] Scraped: Appartements à louer à Ifrane | prix= | ville=Ifrane
[2026-04-28 10:18:52] [DEBUG] [scraper] Scraped: Appartements à louer à Ifrane | prix= | ville=Ifrane
[2026-04-28 10:18:57] [DEBUG] [scraper] Scraped: Joli bureau 110m2 Bourgogne | prix=6 500 DH | ville=Casablanca
[2026-04-28 10:19:01] [DEBUG] [scraper] Scraped: Appartement à vendre | prix=570 000 DH | ville=Mohammedia
[2026-04-28 10:19:05] [DEBUG] [scraper] Scraped: Plateau équipé recep 5p 148m2 à louer Hôpitaux | prix=16 000 DH | ville=Casablanca
[2026-04-28 10:19:11] [DEBUG] [scraper] Scraped: Appartement Moderne à louer | prix= | ville=Tanger
[2026-04-28 10:19:15] [DEBUG] [scraper] Scraped: Appartement à partir de 40 m² à Marrakech | prix=0 DH | ville=Marrakech
[2026-04-28 10:19:19] [DEBUG] [scraper] Scraped: Appartement usage bureau à Rabat Haut Agdal | prix=13 000 DH | ville=Rabat
[2026-04-28 10:19:22] [INFO] [scraper] WebDriver closed.
[2026-04-28 10:19:22] [INFO] [scraper] Bronze saved → C:\Users\user\Desktop\Scraping, Data Cleaning & Data Warehouse Modeling\../../data/bronze\avito_raw_20260428_091922.json  (38 records)
[2026-04-28 10:19:22] [INFO] [scraper] === Scraper finished — 38 records ===
